#
# A fatal error has been detected by the Java Runtime Environment:
#
#  EXCEPTION_ACCESS_VIOLATION (0xc0000005) at pc=0x00000000698372f5, pid=6980, tid=7832
#
# JRE version: Java(TM) SE Runtime Environment (8.0_05-b13) (build 1.8.0_05-b13)
# Java VM: Java HotSpot(TM) 64-Bit Server VM (25.5-b02 mixed mode windows-amd64 compressed oops)
# Problematic frame:
# V  [jvm.dll+0x1172f5]
#
# Failed to write core dump. Minidumps are not enabled by default on client versions of Windows
#
# If you would like to submit a bug report, please visit:
#   http://bugreport.sun.com/bugreport/crash.jsp
#

---------------  T H R E A D  ---------------

Current thread (0x00000000176d5000):  JavaThread "JDWP Transport Listener: dt_socket" daemon [_thread_in_vm, id=7832, stack(0x0000000018fa0000,0x00000000190a0000)]

siginfo: ExceptionCode=0xc0000005, reading address 0xffffffffffffffff

Registers:
RAX=0x000000001909f701, RBX=0x00000000176d5000, RCX=0x7469736956737361, RDX=0x0000000000000000
RSP=0x000000001909f760, RBP=0x7469736956737361, RSI=0x000000001909f878, RDI=0x000000000271d2b0
R8 =0x00000000176d5000, R9 =0x0000000000000001, R10=0x0000000000008000, R11=0x000000001909f6b0
R12=0x0000000000000000, R13=0x00000000176d5f38, R14=0x0000000000000000, R15=0x0000000000000000
RIP=0x00000000698372f5, EFLAGS=0x0000000000010202

Top of Stack: (sp=0x000000001909f760)
0x000000001909f760:   00000000176d5000 00000000176d5000
0x000000001909f770:   000000001909f828 0000000069a2a04b
0x000000001909f780:   00000000176d5000 0000000069a468ad
0x000000001909f790:   0000000000000087 0000000069609149
0x000000001909f7a0:   000000001b7c40c8 0000000069612912
0x000000001909f7b0:   00000000176d5000 0000000000000000
0x000000001909f7c0:   0000000000000000 0000000000000000
0x000000001909f7d0:   7469736956737361 0000000069611a09
0x000000001909f7e0:   000000001909f878 000000001909f850
0x000000001909f7f0:   0000000000000001 000000001b7c40c8
0x000000001909f800:   7469736956737361 00000000695f53b3
0x000000001909f810:   000000001909f940 0000000000000001
0x000000001909f820:   0000000000000001 000000001b7c40c8
0x000000001909f830:   0000000000000001 0000000000000000
0x000000001909f840:   0000000000000000 0000000000000000
0x000000001909f850:   0000000000000001 00000000695f5571 

Instructions: (pc=0x00000000698372f5)
0x00000000698372d5:   cc cc cc cc cc cc cc cc cc cc cc 48 83 ec 28 48
0x00000000698372e5:   85 c9 75 07 33 c0 48 83 c4 28 c3 48 89 5c 24 20
0x00000000698372f5:   48 8b 19 48 85 db 74 20 48 83 fb 37 74 1a 48 8b
0x0000000069837305:   13 48 8b cb ff 52 08 84 c0 74 0d 48 8b c3 48 8b 


Register to memory mapping:

RAX=0x000000001909f701 is pointing into the stack for thread: 0x00000000176d5000
RBX=0x00000000176d5000 is a thread
RCX=0x7469736956737361 is an unknown value
RDX=0x0000000000000000 is an unknown value
RSP=0x000000001909f760 is pointing into the stack for thread: 0x00000000176d5000
RBP=0x7469736956737361 is an unknown value
RSI=0x000000001909f878 is pointing into the stack for thread: 0x00000000176d5000
RDI=0x000000000271d2b0 is an unknown value
R8 =0x00000000176d5000 is a thread
R9 =0x0000000000000001 is an unknown value
R10=0x0000000000008000 is an unknown value
R11=0x000000001909f6b0 is pointing into the stack for thread: 0x00000000176d5000
R12=0x0000000000000000 is an unknown value
R13=0x00000000176d5f38 is an unknown value
R14=0x0000000000000000 is an unknown value
R15=0x0000000000000000 is an unknown value


Stack: [0x0000000018fa0000,0x00000000190a0000],  sp=0x000000001909f760,  free space=1021k
Native frames: (J=compiled Java code, j=interpreted, Vv=VM code, C=native code)
V  [jvm.dll+0x1172f5]
V  [jvm.dll+0x3268ad]
C  [jdwp.dll+0x21a09]
C  [jdwp.dll+0x53b3]
C  [jdwp.dll+0x5571]
C  [jdwp.dll+0xf09c]
C  [jdwp.dll+0x1f2c9]
C  [jdwp.dll+0x1f49e]
V  [jvm.dll+0x1a7128]
V  [jvm.dll+0x2232c4]
V  [jvm.dll+0x27baca]
C  [msvcr100.dll+0x21d9f]
C  [msvcr100.dll+0x21e3b]
C  [KERNEL32.DLL+0x17bd4]
C  [ntdll.dll+0x6ce51]


---------------  P R O C E S S  ---------------

Java Threads: ( => current thread )
  0x0000000019ef1000 JavaThread "RMI TCP Connection(idle)" daemon [_thread_blocked, id=6888, stack(0x0000000020380000,0x0000000020480000)]
  0x0000000019eee000 JavaThread "DestroyJavaVM" [_thread_blocked, id=5172, stack(0x00000000028a0000,0x00000000029a0000)]
  0x0000000019eed000 JavaThread "http-nio-8080-Acceptor" daemon [_thread_in_native, id=13144, stack(0x000000001e7b0000,0x000000001e8b0000)]
  0x0000000019ef4000 JavaThread "http-nio-8080-ClientPoller" daemon [_thread_in_native, id=736, stack(0x000000001e6b0000,0x000000001e7b0000)]
  0x0000000019eec800 JavaThread "http-nio-8080-exec-10" daemon [_thread_blocked, id=12368, stack(0x000000001e5b0000,0x000000001e6b0000)]
  0x0000000019ef3000 JavaThread "http-nio-8080-exec-9" daemon [_thread_blocked, id=6684, stack(0x000000001e4b0000,0x000000001e5b0000)]
  0x0000000019ef2800 JavaThread "http-nio-8080-exec-8" daemon [_thread_blocked, id=13000, stack(0x000000001e3b0000,0x000000001e4b0000)]
  0x000000001b87d800 JavaThread "http-nio-8080-exec-7" daemon [_thread_blocked, id=11540, stack(0x000000001e2b0000,0x000000001e3b0000)]
  0x000000001b881000 JavaThread "http-nio-8080-exec-6" daemon [_thread_blocked, id=8560, stack(0x000000001e1b0000,0x000000001e2b0000)]
  0x000000001b880800 JavaThread "http-nio-8080-exec-5" daemon [_thread_blocked, id=9840, stack(0x000000001e0b0000,0x000000001e1b0000)]
  0x000000001b87c000 JavaThread "http-nio-8080-exec-4" daemon [_thread_blocked, id=9868, stack(0x000000001dfb0000,0x000000001e0b0000)]
  0x000000001b87b000 JavaThread "http-nio-8080-exec-3" daemon [_thread_blocked, id=6740, stack(0x000000001deb0000,0x000000001dfb0000)]
  0x000000001b87a800 JavaThread "http-nio-8080-exec-2" daemon [_thread_blocked, id=4348, stack(0x000000001a4a0000,0x000000001a5a0000)]
  0x000000001b87f800 JavaThread "http-nio-8080-exec-1" daemon [_thread_blocked, id=9284, stack(0x00000000027a0000,0x00000000028a0000)]
  0x000000001b87f000 JavaThread "http-nio-8080-BlockPoller" daemon [_thread_in_native, id=11036, stack(0x0000000000bf0000,0x0000000000cf0000)]
  0x000000001b87c800 JavaThread "container-0" [_thread_blocked, id=13128, stack(0x000000001d3b0000,0x000000001d4b0000)]
  0x000000001b852800 JavaThread "Catalina-utility-2" [_thread_blocked, id=7052, stack(0x000000001d1b0000,0x000000001d2b0000)]
  0x000000001b842000 JavaThread "Catalina-utility-1" [_thread_blocked, id=4612, stack(0x000000001d0b0000,0x000000001d1b0000)]
  0x000000001b28f000 JavaThread "HikariPool-1 housekeeper" daemon [_thread_blocked, id=8716, stack(0x000000001bfb0000,0x000000001c0b0000)]
  0x0000000019b61800 JavaThread "JMX server connection timeout 20" daemon [_thread_blocked, id=11848, stack(0x000000001a9a0000,0x000000001aaa0000)]
  0x0000000019b5b000 JavaThread "RMI Scheduler(0)" daemon [_thread_blocked, id=1392, stack(0x000000001a7a0000,0x000000001a8a0000)]
  0x0000000019b57000 JavaThread "RMI TCP Accept-0" daemon [_thread_in_native, id=5680, stack(0x000000001a5a0000,0x000000001a6a0000)]
  0x0000000019b50000 JavaThread "RMI TCP Accept-56603" daemon [_thread_in_native, id=5416, stack(0x000000001a3a0000,0x000000001a4a0000)]
  0x0000000019b45000 JavaThread "RMI TCP Accept-0" daemon [_thread_in_native, id=5160, stack(0x000000001a2a0000,0x000000001a3a0000)]
  0x00000000195a2800 JavaThread "Service Thread" daemon [_thread_blocked, id=844, stack(0x00000000199a0000,0x0000000019aa0000)]
  0x0000000019527800 JavaThread "C1 CompilerThread2" daemon [_thread_blocked, id=4860, stack(0x00000000198a0000,0x00000000199a0000)]
  0x0000000019537800 JavaThread "C2 CompilerThread1" daemon [_thread_blocked, id=10148, stack(0x00000000197a0000,0x00000000198a0000)]
  0x0000000019535800 JavaThread "C2 CompilerThread0" daemon [_thread_blocked, id=348, stack(0x00000000196a0000,0x00000000197a0000)]
  0x00000000176e5800 JavaThread "JDWP Command Reader" daemon [_thread_in_native, id=8260, stack(0x00000000191a0000,0x00000000192a0000)]
  0x00000000176d8800 JavaThread "JDWP Event Helper Thread" daemon [_thread_blocked, id=12300, stack(0x00000000190a0000,0x00000000191a0000)]
=>0x00000000176d5000 JavaThread "JDWP Transport Listener: dt_socket" daemon [_thread_in_vm, id=7832, stack(0x0000000018fa0000,0x00000000190a0000)]
  0x00000000176c2000 JavaThread "Attach Listener" daemon [_thread_blocked, id=9784, stack(0x0000000018b60000,0x0000000018c60000)]
  0x00000000176c1000 JavaThread "Signal Dispatcher" daemon [_thread_blocked, id=7620, stack(0x0000000018a60000,0x0000000018b60000)]
  0x0000000002b99800 JavaThread "Finalizer" daemon [_thread_blocked, id=11480, stack(0x0000000018960000,0x0000000018a60000)]
  0x0000000002b8f000 JavaThread "Reference Handler" daemon [_thread_blocked, id=8264, stack(0x0000000018860000,0x0000000018960000)]

Other Threads:
  0x0000000017686000 VMThread [stack: 0x0000000018760000,0x0000000018860000] [id=3736]
  0x0000000019b58000 WatcherThread [stack: 0x000000001a6a0000,0x000000001a7a0000] [id=9136]

VM state:not at safepoint (normal execution)

VM Mutex/Monitor currently owned by a thread: None

Heap:
 PSYoungGen      total 89088K, used 32150K [0x00000000d5f80000, 0x00000000dc080000, 0x0000000100000000)
  eden space 80896K, 29% used [0x00000000d5f80000,0x00000000d77153b8,0x00000000dae80000)
  from space 8192K, 97% used [0x00000000db780000,0x00000000dbf505e0,0x00000000dbf80000)
  to   space 9216K, 0% used [0x00000000dae80000,0x00000000dae80000,0x00000000db780000)
 ParOldGen       total 22528K, used 16174K [0x0000000081e00000, 0x0000000083400000, 0x00000000d5f80000)
  object space 22528K, 71% used [0x0000000081e00000,0x0000000082dcb980,0x0000000083400000)
 Metaspace       used 48089K, capacity 50902K, committed 51200K, reserved 1093632K
  class space    used 6613K, capacity 7080K, committed 7168K, reserved 1048576K

Card table byte_map: [0x0000000011f60000,0x0000000012360000] byte_map_base: 0x0000000011b51000

Marking Bits: (ParMarkBitMap*) 0x0000000069ed13b0
 Begin Bits: [0x0000000012a10000, 0x0000000014998000)
 End Bits:   [0x0000000014998000, 0x0000000016920000)

Polling page: 0x00000000007f0000

CodeCache: size=245760Kb used=6567Kb max_used=6567Kb free=239192Kb
 bounds [0x0000000002ba0000, 0x0000000003210000, 0x0000000011ba0000]
 total_blobs=3504 nmethods=2983 adapters=442
 compilation: enabled

Compilation events (10 events):
Event: 3.991 Thread 0x0000000019527800 2966       1       sun.misc.ProxyGenerator::computeUniqueCatchList (163 bytes)
Event: 3.992 Thread 0x0000000019527800 nmethod 2966 0x00000000031f6e10 code [0x00000000031f7040, 0x00000000031f7868]
Event: 3.992 Thread 0x0000000019527800 2968       1       sun.misc.ProxyGenerator$ProxyMethod::codeFieldInitialization (241 bytes)
Event: 3.995 Thread 0x0000000019527800 nmethod 2968 0x00000000031f8310 code [0x00000000031f8760, 0x00000000031f9b98]
Event: 3.995 Thread 0x0000000019527800 2967       1       sun.misc.ProxyGenerator$ProxyMethod::access$1900 (6 bytes)
Event: 3.995 Thread 0x0000000019527800 nmethod 2967 0x00000000031fb610 code [0x00000000031fb760, 0x00000000031fb888]
Event: 3.995 Thread 0x0000000019527800 2969       1       sun.misc.ProxyGenerator::access$1800 (7 bytes)
Event: 3.996 Thread 0x0000000019527800 nmethod 2969 0x00000000031fb950 code [0x00000000031fbaa0, 0x00000000031fbbc8]
Event: 3.996 Thread 0x0000000019527800 2970       1       sun.misc.ProxyGenerator$FieldInfo::write (50 bytes)
Event: 3.996 Thread 0x0000000019527800 nmethod 2970 0x00000000031fbc90 code [0x00000000031fbea0, 0x00000000031fc3b8]

GC Heap History (10 events):
Event: 59.256 GC heap before
{Heap before GC invocations=27 (full 2):
 PSYoungGen      total 80384K, used 78446K [0x00000000d5f80000, 0x00000000dba80000, 0x0000000100000000)
  eden space 75264K, 100% used [0x00000000d5f80000,0x00000000da900000,0x00000000da900000)
  from space 5120K, 62% used [0x00000000dae80000,0x00000000db19b918,0x00000000db380000)
  to   space 5632K, 0% used [0x00000000da900000,0x00000000da900000,0x00000000dae80000)
 ParOldGen       total 14848K, used 10992K [0x0000000081e00000, 0x0000000082c80000, 0x00000000d5f80000)
  object space 14848K, 74% used [0x0000000081e00000,0x00000000828bc160,0x0000000082c80000)
 Metaspace       used 33553K, capacity 35364K, committed 35456K, reserved 1079296K
  class space    used 4349K, capacity 4648K, committed 4736K, reserved 1048576K
Event: 59.262 GC heap after
Heap after GC invocations=27 (full 2):
 PSYoungGen      total 80896K, used 5624K [0x00000000d5f80000, 0x00000000dba00000, 0x0000000100000000)
  eden space 75264K, 0% used [0x00000000d5f80000,0x00000000d5f80000,0x00000000da900000)
  from space 5632K, 99% used [0x00000000da900000,0x00000000dae7e110,0x00000000dae80000)
  to   space 6656K, 0% used [0x00000000db380000,0x00000000db380000,0x00000000dba00000)
 ParOldGen       total 14848K, used 11893K [0x0000000081e00000, 0x0000000082c80000, 0x00000000d5f80000)
  object space 14848K, 80% used [0x0000000081e00000,0x000000008299d420,0x0000000082c80000)
 Metaspace       used 33553K, capacity 35364K, committed 35456K, reserved 1079296K
  class space    used 4349K, capacity 4648K, committed 4736K, reserved 1048576K
}
Event: 161.859 GC heap before
{Heap before GC invocations=28 (full 2):
 PSYoungGen      total 80896K, used 80888K [0x00000000d5f80000, 0x00000000dba00000, 0x0000000100000000)
  eden space 75264K, 100% used [0x00000000d5f80000,0x00000000da900000,0x00000000da900000)
  from space 5632K, 99% used [0x00000000da900000,0x00000000dae7e110,0x00000000dae80000)
  to   space 6656K, 0% used [0x00000000db380000,0x00000000db380000,0x00000000dba00000)
 ParOldGen       total 14848K, used 11893K [0x0000000081e00000, 0x0000000082c80000, 0x00000000d5f80000)
  object space 14848K, 80% used [0x0000000081e00000,0x000000008299d420,0x0000000082c80000)
 Metaspace       used 37842K, capacity 39886K, committed 39936K, reserved 1083392K
  class space    used 5031K, capacity 5365K, committed 5376K, reserved 1048576K
Event: 161.867 GC heap after
Heap after GC invocations=28 (full 2):
 PSYoungGen      total 84992K, used 5200K [0x00000000d5f80000, 0x00000000dba00000, 0x0000000100000000)
  eden space 78336K, 0% used [0x00000000d5f80000,0x00000000d5f80000,0x00000000dac00000)
  from space 6656K, 78% used [0x00000000db380000,0x00000000db894328,0x00000000dba00000)
  to   space 7168K, 0% used [0x00000000dac00000,0x00000000dac00000,0x00000000db300000)
 ParOldGen       total 16384K, used 15065K [0x0000000081e00000, 0x0000000082e00000, 0x00000000d5f80000)
  object space 16384K, 91% used [0x0000000081e00000,0x0000000082cb6518,0x0000000082e00000)
 Metaspace       used 37842K, capacity 39886K, committed 39936K, reserved 1083392K
  class space    used 5031K, capacity 5365K, committed 5376K, reserved 1048576K
}
Event: 161.867 GC heap before
{Heap before GC invocations=29 (full 3):
 PSYoungGen      total 84992K, used 5200K [0x00000000d5f80000, 0x00000000dba00000, 0x0000000100000000)
  eden space 78336K, 0% used [0x00000000d5f80000,0x00000000d5f80000,0x00000000dac00000)
  from space 6656K, 78% used [0x00000000db380000,0x00000000db894328,0x00000000dba00000)
  to   space 7168K, 0% used [0x00000000dac00000,0x00000000dac00000,0x00000000db300000)
 ParOldGen       total 16384K, used 15065K [0x0000000081e00000, 0x0000000082e00000, 0x00000000d5f80000)
  object space 16384K, 91% used [0x0000000081e00000,0x0000000082cb6518,0x0000000082e00000)
 Metaspace       used 37842K, capacity 39886K, committed 39936K, reserved 1083392K
  class space    used 5031K, capacity 5365K, committed 5376K, reserved 1048576K
Event: 161.979 GC heap after
Heap after GC invocations=29 (full 3):
 PSYoungGen      total 84992K, used 543K [0x00000000d5f80000, 0x00000000dba00000, 0x0000000100000000)
  eden space 78336K, 0% used [0x00000000d5f80000,0x00000000d5f80000,0x00000000dac00000)
  from space 6656K, 8% used [0x00000000db380000,0x00000000db407f90,0x00000000dba00000)
  to   space 7168K, 0% used [0x00000000dac00000,0x00000000dac00000,0x00000000db300000)
 ParOldGen       total 22528K, used 16174K [0x0000000081e00000, 0x0000000083400000, 0x00000000d5f80000)
  object space 22528K, 71% used [0x0000000081e00000,0x0000000082dcb980,0x0000000083400000)
 Metaspace       used 37842K, capacity 39886K, committed 39936K, reserved 1083392K
  class space    used 5031K, capacity 5365K, committed 5376K, reserved 1048576K
}
Event: 251.448 GC heap before
{Heap before GC invocations=30 (full 3):
 PSYoungGen      total 84992K, used 78879K [0x00000000d5f80000, 0x00000000dba00000, 0x0000000100000000)
  eden space 78336K, 100% used [0x00000000d5f80000,0x00000000dac00000,0x00000000dac00000)
  from space 6656K, 8% used [0x00000000db380000,0x00000000db407f90,0x00000000dba00000)
  to   space 7168K, 0% used [0x00000000dac00000,0x00000000dac00000,0x00000000db300000)
 ParOldGen       total 22528K, used 16174K [0x0000000081e00000, 0x0000000083400000, 0x00000000d5f80000)
  object space 22528K, 71% used [0x0000000081e00000,0x0000000082dcb980,0x0000000083400000)
 Metaspace       used 42461K, capacity 44648K, committed 44800K, reserved 1087488K
  class space    used 5700K, capacity 6095K, committed 6144K, reserved 1048576K
Event: 251.456 GC heap after
Heap after GC invocations=30 (full 3):
 PSYoungGen      total 85504K, used 6095K [0x00000000d5f80000, 0x00000000dbf80000, 0x0000000100000000)
  eden space 78336K, 0% used [0x00000000d5f80000,0x00000000d5f80000,0x00000000dac00000)
  from space 7168K, 85% used [0x00000000dac00000,0x00000000db1f3e48,0x00000000db300000)
  to   space 8192K, 0% used [0x00000000db780000,0x00000000db780000,0x00000000dbf80000)
 ParOldGen       total 22528K, used 16174K [0x0000000081e00000, 0x0000000083400000, 0x00000000d5f80000)
  object space 22528K, 71% used [0x0000000081e00000,0x0000000082dcb980,0x0000000083400000)
 Metaspace       used 42461K, capacity 44648K, committed 44800K, reserved 1087488K
  class space    used 5700K, capacity 6095K, committed 6144K, reserved 1048576K
}
Event: 291.369 GC heap before
{Heap before GC invocations=31 (full 3):
 PSYoungGen      total 85504K, used 84431K [0x00000000d5f80000, 0x00000000dbf80000, 0x0000000100000000)
  eden space 78336K, 100% used [0x00000000d5f80000,0x00000000dac00000,0x00000000dac00000)
  from space 7168K, 85% used [0x00000000dac00000,0x00000000db1f3e48,0x00000000db300000)
  to   space 8192K, 0% used [0x00000000db780000,0x00000000db780000,0x00000000dbf80000)
 ParOldGen       total 22528K, used 16174K [0x0000000081e00000, 0x0000000083400000, 0x00000000d5f80000)
  object space 22528K, 71% used [0x0000000081e00000,0x0000000082dcb980,0x0000000083400000)
 Metaspace       used 47084K, capacity 49668K, committed 49920K, reserved 1091584K
  class space    used 6456K, capacity 6897K, committed 6912K, reserved 1048576K
Event: 291.377 GC heap after
Heap after GC invocations=31 (full 3):
 PSYoungGen      total 89088K, used 8001K [0x00000000d5f80000, 0x00000000dc080000, 0x0000000100000000)
  eden space 80896K, 0% used [0x00000000d5f80000,0x00000000d5f80000,0x00000000dae80000)
  from space 8192K, 97% used [0x00000000db780000,0x00000000dbf505e0,0x00000000dbf80000)
  to   space 9216K, 0% used [0x00000000dae80000,0x00000000dae80000,0x00000000db780000)
 ParOldGen       total 22528K, used 16174K [0x0000000081e00000, 0x0000000083400000, 0x00000000d5f80000)
  object space 22528K, 71% used [0x0000000081e00000,0x0000000082dcb980,0x0000000083400000)
 Metaspace       used 47084K, capacity 49668K, committed 49920K, reserved 1091584K
  class space    used 6456K, capacity 6897K, committed 6912K, reserved 1048576K
}

Deoptimization events (0 events):
No events

Internal exceptions (10 events):
Event: 303.295 Thread 0x0000000002aa5800 Exception <a 'java/lang/reflect/InvocationTargetException'> (0x00000000d70e4b08) thrown at [D:\re\workspace\8-2-build-windows-amd64-cygwin\jdk8u5\2488\hotspot\src\share\vm\runtime\reflection.cpp, line 1079]
Event: 304.319 Thread 0x0000000002aa5800 Exception <a 'java/security/PrivilegedActionException'> (0x00000000d7182608) thrown at [D:\re\workspace\8-2-build-windows-amd64-cygwin\jdk8u5\2488\hotspot\src\share\vm\prims\jvm.cpp, line 1248]
Event: 304.391 Thread 0x0000000002aa5800 Exception <a 'java/security/PrivilegedActionException'> (0x00000000d71a7b60) thrown at [D:\re\workspace\8-2-build-windows-amd64-cygwin\jdk8u5\2488\hotspot\src\share\vm\prims\jvm.cpp, line 1248]
Event: 304.430 Thread 0x0000000002aa5800 Exception <a 'java/security/PrivilegedActionException'> (0x00000000d71b9ab8) thrown at [D:\re\workspace\8-2-build-windows-amd64-cygwin\jdk8u5\2488\hotspot\src\share\vm\prims\jvm.cpp, line 1248]
Event: 304.451 Thread 0x0000000002aa5800 Exception <a 'java/security/PrivilegedActionException'> (0x00000000d71c6a18) thrown at [D:\re\workspace\8-2-build-windows-amd64-cygwin\jdk8u5\2488\hotspot\src\share\vm\prims\jvm.cpp, line 1248]
Event: 304.478 Thread 0x0000000002aa5800 Exception <a 'java/lang/ArrayIndexOutOfBoundsException': 117> (0x00000000d71f2118) thrown at [D:\re\workspace\8-2-build-windows-amd64-cygwin\jdk8u5\2488\hotspot\src\share\vm\interpreter\interpreterRuntime.cpp, line 337]
Event: 304.486 Thread 0x0000000002aa5800 Exception <a 'java/lang/ArrayIndexOutOfBoundsException': 128> (0x00000000d71f4370) thrown at [D:\re\workspace\8-2-build-windows-amd64-cygwin\jdk8u5\2488\hotspot\src\share\vm\interpreter\interpreterRuntime.cpp, line 337]
Event: 304.496 Thread 0x0000000002aa5800 Exception <a 'java/security/PrivilegedActionException'> (0x00000000d71f6818) thrown at [D:\re\workspace\8-2-build-windows-amd64-cygwin\jdk8u5\2488\hotspot\src\share\vm\prims\jvm.cpp, line 1248]
Event: 304.546 Thread 0x0000000002aa5800 Exception <a 'java/security/PrivilegedActionException'> (0x00000000d71fedb0) thrown at [D:\re\workspace\8-2-build-windows-amd64-cygwin\jdk8u5\2488\hotspot\src\share\vm\prims\jvm.cpp, line 1248]
Event: 304.612 Thread 0x0000000002aa5800 Exception <a 'java/lang/ArrayIndexOutOfBoundsException': 129> (0x00000000d720a978) thrown at [D:\re\workspace\8-2-build-windows-amd64-cygwin\jdk8u5\2488\hotspot\src\share\vm\interpreter\interpreterRuntime.cpp, line 337]

Events (10 events):
Event: 636.585 Executing VM operation: RedefineClasses
Event: 636.599 Executing VM operation: RedefineClasses done
Event: 636.631 Executing VM operation: ChangeBreakpoints
Event: 636.632 Executing VM operation: ChangeBreakpoints done
Event: 636.643 Executing VM operation: ChangeBreakpoints
Event: 636.646 Executing VM operation: ChangeBreakpoints done
Event: 636.672 Executing VM operation: ChangeBreakpoints
Event: 636.673 Executing VM operation: ChangeBreakpoints done
Event: 766.881 Executing VM operation: RedefineClasses
Event: 766.898 Executing VM operation: RedefineClasses done


Dynamic libraries:
0x00007ff75f8f0000 - 0x00007ff75f924000 	C:\Program Files\Java\jdk1.8.0_05\bin\javaw.exe
0x00007ff8d7d60000 - 0x00007ff8d7f50000 	C:\WINDOWS\SYSTEM32\ntdll.dll
0x00007ff8d6520000 - 0x00007ff8d65d2000 	C:\WINDOWS\System32\KERNEL32.DLL
0x00007ff8d5090000 - 0x00007ff8d5334000 	C:\WINDOWS\System32\KERNELBASE.dll
0x00007ff8d71a0000 - 0x00007ff8d7243000 	C:\WINDOWS\System32\ADVAPI32.dll
0x00007ff8d7250000 - 0x00007ff8d72ee000 	C:\WINDOWS\System32\msvcrt.dll
0x00007ff8d74c0000 - 0x00007ff8d7557000 	C:\WINDOWS\System32\sechost.dll
0x00007ff8d72f0000 - 0x00007ff8d7410000 	C:\WINDOWS\System32\RPCRT4.dll
0x00007ff8d7000000 - 0x00007ff8d7194000 	C:\WINDOWS\System32\USER32.dll
0x00007ff8d5390000 - 0x00007ff8d53b1000 	C:\WINDOWS\System32\win32u.dll
0x00007ff8d7ce0000 - 0x00007ff8d7d06000 	C:\WINDOWS\System32\GDI32.dll
0x00007ff8d4d40000 - 0x00007ff8d4ed6000 	C:\WINDOWS\System32\gdi32full.dll
0x00007ff8d4ff0000 - 0x00007ff8d508e000 	C:\WINDOWS\System32\msvcp_win.dll
0x00007ff8d53c0000 - 0x00007ff8d54ba000 	C:\WINDOWS\System32\ucrtbase.dll
0x00007ff8bf630000 - 0x00007ff8bf8b4000 	C:\WINDOWS\WinSxS\amd64_microsoft.windows.common-controls_6595b64144ccf1df_6.0.18362.959_none_e6c7bbbf130c62bb\COMCTL32.dll
0x00007ff8d5e70000 - 0x00007ff8d61a5000 	C:\WINDOWS\System32\combase.dll
0x00007ff8d4f70000 - 0x00007ff8d4ff0000 	C:\WINDOWS\System32\bcryptPrimitives.dll
0x00007ff8d65e0000 - 0x00007ff8d660e000 	C:\WINDOWS\System32\IMM32.DLL
0x0000000069f50000 - 0x000000006a022000 	C:\Program Files\Java\jdk1.8.0_05\jre\bin\msvcr100.dll
0x0000000069720000 - 0x0000000069f4a000 	C:\Program Files\Java\jdk1.8.0_05\jre\bin\server\jvm.dll
0x00007ff8d62c0000 - 0x00007ff8d62c8000 	C:\WINDOWS\System32\PSAPI.DLL
0x00007ff8d22b0000 - 0x00007ff8d22d4000 	C:\WINDOWS\SYSTEM32\WINMM.dll
0x00007ff8d0e40000 - 0x00007ff8d0e49000 	C:\WINDOWS\SYSTEM32\WSOCK32.dll
0x00007ff8d1bc0000 - 0x00007ff8d1bed000 	C:\WINDOWS\SYSTEM32\winmmbase.dll
0x00007ff8d7ac0000 - 0x00007ff8d7b2f000 	C:\WINDOWS\System32\WS2_32.dll
0x00007ff8d5340000 - 0x00007ff8d538a000 	C:\WINDOWS\System32\cfgmgr32.dll
0x0000000069710000 - 0x000000006971f000 	C:\Program Files\Java\jdk1.8.0_05\jre\bin\verify.dll
0x00000000696e0000 - 0x0000000069708000 	C:\Program Files\Java\jdk1.8.0_05\jre\bin\java.dll
0x00000000695f0000 - 0x0000000069625000 	C:\Program Files\Java\jdk1.8.0_05\jre\bin\jdwp.dll
0x00000000695e0000 - 0x00000000695e8000 	C:\Program Files\Java\jdk1.8.0_05\jre\bin\npt.dll
0x00000000695b0000 - 0x00000000695d3000 	C:\Program Files\Java\jdk1.8.0_05\jre\bin\instrument.dll
0x00000000696c0000 - 0x00000000696d6000 	C:\Program Files\Java\jdk1.8.0_05\jre\bin\zip.dll
0x00007ff8d6840000 - 0x00007ff8d6f26000 	C:\WINDOWS\System32\SHELL32.dll
0x00007ff8d61b0000 - 0x00007ff8d6259000 	C:\WINDOWS\System32\shcore.dll
0x00007ff8d5630000 - 0x00007ff8d5db2000 	C:\WINDOWS\System32\windows.storage.dll
0x00007ff8d4cc0000 - 0x00007ff8d4ce3000 	C:\WINDOWS\System32\profapi.dll
0x00007ff8d4cf0000 - 0x00007ff8d4d3a000 	C:\WINDOWS\System32\powrprof.dll
0x00007ff8d4c70000 - 0x00007ff8d4c80000 	C:\WINDOWS\System32\UMPDC.dll
0x00007ff8d6260000 - 0x00007ff8d62b2000 	C:\WINDOWS\System32\shlwapi.dll
0x00007ff8d4ca0000 - 0x00007ff8d4cb1000 	C:\WINDOWS\System32\kernel.appcore.dll
0x00007ff8d54c0000 - 0x00007ff8d54d7000 	C:\WINDOWS\System32\cryptsp.dll
0x00000000695a0000 - 0x00000000695a9000 	C:\Program Files\Java\jdk1.8.0_05\jre\bin\dt_socket.dll
0x00007ff8cf630000 - 0x00007ff8cf646000 	C:\WINDOWS\system32\napinsp.dll
0x00007ff8cf610000 - 0x00007ff8cf62a000 	C:\WINDOWS\system32\pnrpnsp.dll
0x00007ff8d4480000 - 0x00007ff8d44e7000 	C:\WINDOWS\System32\mswsock.dll
0x00007ff8d41d0000 - 0x00007ff8d429b000 	C:\WINDOWS\SYSTEM32\DNSAPI.dll
0x00007ff8d7410000 - 0x00007ff8d7418000 	C:\WINDOWS\System32\NSI.dll
0x00007ff8d4190000 - 0x00007ff8d41ca000 	C:\WINDOWS\SYSTEM32\IPHLPAPI.DLL
0x00007ff8cc6d0000 - 0x00007ff8cc6de000 	C:\WINDOWS\System32\winrnr.dll
0x00007ff8d0dc0000 - 0x00007ff8d0ddc000 	C:\WINDOWS\system32\NLAapi.dll
0x00007ff8cff40000 - 0x00007ff8cff55000 	C:\WINDOWS\system32\wshbth.dll
0x00007ff8cb8f0000 - 0x00007ff8cb967000 	C:\WINDOWS\System32\fwpuclnt.dll
0x00007ff8d4f40000 - 0x00007ff8d4f66000 	C:\WINDOWS\System32\bcrypt.dll
0x00007ff8c9b00000 - 0x00007ff8c9b0a000 	C:\Windows\System32\rasadhlp.dll
0x0000000069640000 - 0x000000006964d000 	C:\Program Files\Java\jdk1.8.0_05\jre\bin\management.dll
0x00000000696a0000 - 0x00000000696ba000 	C:\Program Files\Java\jdk1.8.0_05\jre\bin\net.dll
0x0000000069680000 - 0x0000000069691000 	C:\Program Files\Java\jdk1.8.0_05\jre\bin\nio.dll
0x00007ff8d3ff0000 - 0x00007ff8d4023000 	C:\WINDOWS\system32\rsaenh.dll
0x00007ff8d4b90000 - 0x00007ff8d4bb5000 	C:\WINDOWS\SYSTEM32\USERENV.dll
0x00007ff8d4650000 - 0x00007ff8d465c000 	C:\WINDOWS\SYSTEM32\CRYPTBASE.dll
0x00007ff8cbf00000 - 0x00007ff8cbf16000 	C:\WINDOWS\SYSTEM32\dhcpcsvc6.DLL
0x00007ff8cd970000 - 0x00007ff8cd98c000 	C:\WINDOWS\SYSTEM32\dhcpcsvc.DLL
0x00007ff8c1660000 - 0x00007ff8c1854000 	C:\WINDOWS\SYSTEM32\dbghelp.dll

VM Arguments:
jvm_args: -agentlib:jdwp=transport=dt_socket,suspend=y,address=localhost:56604 -Dcom.sun.management.jmxremote -Dcom.sun.management.jmxremote.port=56603 -Dcom.sun.management.jmxremote.authenticate=false -Dcom.sun.management.jmxremote.ssl=false -Djava.rmi.server.hostname=localhost -Dspring.jmx.enabled=true -Dspring.application.admin.enabled=true -Xverify:none -XX:TieredStopAtLevel=1 -Dspring.boot.project.name=BusReservationSystem -javaagent:C:\Users\Indezign\eclipse\java-2020-03\eclipse\configuration\org.eclipse.osgi\223\0\.cp\lib\javaagent-shaded.jar -Dfile.encoding=UTF-8 
java_command: com.altemetrick.booking.BusReservationSystemApplication
java_class_path (initial): E:\mk WHF\spring\BusReservationSystem\target\classes;C:\Users\Indezign\.m2\repository\org\springframework\boot\spring-boot-starter-data-jpa\2.3.2.RELEASE\spring-boot-starter-data-jpa-2.3.2.RELEASE.jar;C:\Users\Indezign\.m2\repository\org\springframework\boot\spring-boot-starter-aop\2.3.2.RELEASE\spring-boot-starter-aop-2.3.2.RELEASE.jar;C:\Users\Indezign\.m2\repository\org\springframework\spring-aop\5.2.8.RELEASE\spring-aop-5.2.8.RELEASE.jar;C:\Users\Indezign\.m2\repository\org\aspectj\aspectjweaver\1.9.6\aspectjweaver-1.9.6.jar;C:\Users\Indezign\.m2\repository\org\springframework\boot\spring-boot-starter-jdbc\2.3.2.RELEASE\spring-boot-starter-jdbc-2.3.2.RELEASE.jar;C:\Users\Indezign\.m2\repository\com\zaxxer\HikariCP\3.4.5\HikariCP-3.4.5.jar;C:\Users\Indezign\.m2\repository\org\springframework\spring-jdbc\5.2.8.RELEASE\spring-jdbc-5.2.8.RELEASE.jar;C:\Users\Indezign\.m2\repository\jakarta\transaction\jakarta.transaction-api\1.3.3\jakarta.transaction-api-1.3.3.jar;C:\Users\Indezign\.m2\repository\jakarta\persistence\jakarta.persistence-api\2.2.3\jakarta.persistence-api-2.2.3.jar;C:\Users\Indezign\.m2\repository\org\hibernate\hibernate-core\5.4.18.Final\hibernate-core-5.4.18.Final.jar;C:\Users\Indezign\.m2\repository\org\jboss\logging\jboss-logging\3.4.1.Final\jboss-logging-3.4.1.Final.jar;C:\Users\Indezign\.m2\repository\org\javassist\javassist\3.24.0-GA\javassist-3.24.0-GA.jar;C:\Users\Indezign\.m2\repository\net\bytebuddy\byte-buddy\1.10.13\byte-buddy-1.10.13.jar;C:\Users\Indezign\.m2\repository\antlr\antlr\2.7.7\antlr-2.7.7.jar;C:\Users\Indezign\.m2\repository\org\jboss\jandex\2.1.3.Final\jandex-2.1.3.Final.jar;C:\Users\Indezign\.m2\repository\com\fasterxml\classmate\1.5.1\classmate-1.5.1.jar;C:\Users\Indezign\.m2\repository\org\dom4j\dom4j\2.1.3\dom4j-2.1.3.jar;C:\Users\Indezign\.m2\repository\org\hibernate\common\hibernate-commons-annotations\5.1.0.Final\hibernate-commons-annotations-5.1.0.Final.jar;C:\Users\Indezign\.m2\repository\
Launcher Type: SUN_STANDARD

Environment Variables:
PATH=
[error occurred during error reporting (printing environment variables), id 0xc0000005]



---------------  S Y S T E M  ---------------

OS: Windows 8.1 , 64 bit Build 9600 

CPU:total 4 (2 cores per cpu, 2 threads per core) family 6 model 142 stepping 9, cmov, cx8, fxsr, mmx, sse, sse2, sse3, ssse3, sse4.1, sse4.2, popcnt, avx, avx2, aes, clmul, erms, ht, tsc, tscinvbit

Memory: 4k page, physical 8260276k(3313552k free), swap 9570996k(2797264k free)

vm_info: Java HotSpot(TM) 64-Bit Server VM (25.5-b02) for windows-amd64 JRE (1.8.0_05-b13), built on Mar 18 2014 01:08:39 by "java_re" with MS VC++ 10.0 (VS2010)

time: Fri Aug 07 16:36:32 2020
elapsed time: 767 seconds

